2020-02-04 06:11:44.482 [DEBU] [2 ms] SELECT COUNT(1) FROM `user`  WHERE passport='aaaaaa'
2020-02-04 06:11:44.484 [DEBU] [1 ms] SELECT COUNT(1) FROM `user`  WHERE nickname='123'
2020-02-04 06:11:44.487 [DEBU] [3 ms] INSERT INTO `user`(`id`,`passport`,`password`,`nickname`,`create_time`) VALUES(0,'aaaaaa','123456','123','2020-02-04 06:11:44') ON DUPLICATE KEY UPDATE `password`=VALUES(`password`),`nickname`=VALUES(`nickname`),`create_time`=VALUES(`create_time`),`id`=VALUES(`id`),`passport`=VALUES(`passport`)
2020-02-04 06:29:40.436 [DEBU] [8 ms] SHOW TABLES
2020-02-04 06:29:40.458 [DEBU] [1 ms] SHOW FULL COLUMNS FROM `post`
2020-02-04 06:29:40.462 [DEBU] [1 ms] SHOW FULL COLUMNS FROM `user`
2020-02-04 06:30:08.909 [DEBU] [7 ms] SHOW TABLES
2020-02-04 06:30:08.930 [DEBU] [1 ms] SHOW FULL COLUMNS FROM `post`
2020-02-04 06:30:08.935 [DEBU] [1 ms] SHOW FULL COLUMNS FROM `user`
2020-02-04 06:30:30.175 [DEBU] [7 ms] SHOW TABLES
2020-02-04 06:30:30.198 [DEBU] [1 ms] SHOW FULL COLUMNS FROM `post`
2020-02-04 06:30:30.202 [DEBU] [1 ms] SHOW FULL COLUMNS FROM `user`
2020-02-04 06:35:27.842 [DEBU] [4 ms] INSERT INTO `post`(`user_id`,`content`,`time`,`title`,`id`) VALUES(0,'bbbb',1580769327,'aaaa',0) ON DUPLICATE KEY UPDATE `id`=VALUES(`id`),`user_id`=VALUES(`user_id`),`content`=VALUES(`content`),`time`=VALUES(`time`),`title`=VALUES(`title`)
2020-02-04 06:35:29.185 [DEBU] [4 ms] INSERT INTO `post`(`user_id`,`content`,`time`,`title`,`id`) VALUES(0,'bbbb',1580769329,'aaaa',0) ON DUPLICATE KEY UPDATE `id`=VALUES(`id`),`user_id`=VALUES(`user_id`),`content`=VALUES(`content`),`time`=VALUES(`time`),`title`=VALUES(`title`)
2020-02-04 06:35:29.638 [DEBU] [2 ms] INSERT INTO `post`(`title`,`id`,`user_id`,`content`,`time`) VALUES('aaaa',0,0,'bbbb',1580769329) ON DUPLICATE KEY UPDATE `id`=VALUES(`id`),`user_id`=VALUES(`user_id`),`content`=VALUES(`content`),`time`=VALUES(`time`),`title`=VALUES(`title`)
2020-02-04 06:35:30.042 [DEBU] [2 ms] INSERT INTO `post`(`content`,`time`,`title`,`id`,`user_id`) VALUES('bbbb',1580769330,'aaaa',0,0) ON DUPLICATE KEY UPDATE `id`=VALUES(`id`),`user_id`=VALUES(`user_id`),`content`=VALUES(`content`),`time`=VALUES(`time`),`title`=VALUES(`title`)
2020-02-04 06:35:31.093 [DEBU] [2 ms] INSERT INTO `post`(`id`,`user_id`,`content`,`time`,`title`) VALUES(0,0,'bbbb',1580769331,'aaaa') ON DUPLICATE KEY UPDATE `id`=VALUES(`id`),`user_id`=VALUES(`user_id`),`content`=VALUES(`content`),`time`=VALUES(`time`),`title`=VALUES(`title`)
2020-02-04 06:35:31.525 [DEBU] [2 ms] INSERT INTO `post`(`content`,`time`,`title`,`id`,`user_id`) VALUES('bbbb',1580769331,'aaaa',0,0) ON DUPLICATE KEY UPDATE `time`=VALUES(`time`),`title`=VALUES(`title`),`id`=VALUES(`id`),`user_id`=VALUES(`user_id`),`content`=VALUES(`content`)
2020-02-04 06:35:31.933 [DEBU] [2 ms] INSERT INTO `post`(`id`,`user_id`,`content`,`time`,`title`) VALUES(0,0,'bbbb',1580769331,'aaaa') ON DUPLICATE KEY UPDATE `id`=VALUES(`id`),`user_id`=VALUES(`user_id`),`content`=VALUES(`content`),`time`=VALUES(`time`),`title`=VALUES(`title`)
2020-02-04 06:35:32.320 [DEBU] [2 ms] INSERT INTO `post`(`id`,`user_id`,`content`,`time`,`title`) VALUES(0,0,'bbbb',1580769332,'aaaa') ON DUPLICATE KEY UPDATE `user_id`=VALUES(`user_id`),`content`=VALUES(`content`),`time`=VALUES(`time`),`title`=VALUES(`title`),`id`=VALUES(`id`)
2020-02-04 06:35:32.703 [DEBU] [2 ms] INSERT INTO `post`(`id`,`user_id`,`content`,`time`,`title`) VALUES(0,0,'bbbb',1580769332,'aaaa') ON DUPLICATE KEY UPDATE `user_id`=VALUES(`user_id`),`content`=VALUES(`content`),`time`=VALUES(`time`),`title`=VALUES(`title`),`id`=VALUES(`id`)
2020-02-04 06:38:08.757 [DEBU] [4 ms] INSERT INTO `post`(`id`,`user_id`,`content`,`time`,`title`) VALUES(0,0,'bbbb',1580769488,'aaaa') ON DUPLICATE KEY UPDATE `id`=VALUES(`id`),`user_id`=VALUES(`user_id`),`content`=VALUES(`content`),`time`=VALUES(`time`),`title`=VALUES(`title`)
2020-02-04 06:38:09.636 [DEBU] [17 ms] INSERT INTO `post`(`title`,`id`,`user_id`,`content`,`time`) VALUES('aaaa',0,0,'bbbb',1580769489) ON DUPLICATE KEY UPDATE `id`=VALUES(`id`),`user_id`=VALUES(`user_id`),`content`=VALUES(`content`),`time`=VALUES(`time`),`title`=VALUES(`title`)
2020-02-04 06:38:09.903 [DEBU] [2 ms] INSERT INTO `post`(`user_id`,`content`,`time`,`title`,`id`) VALUES(0,'bbbb',1580769489,'aaaa',0) ON DUPLICATE KEY UPDATE `title`=VALUES(`title`),`id`=VALUES(`id`),`user_id`=VALUES(`user_id`),`content`=VALUES(`content`),`time`=VALUES(`time`)
2020-02-04 06:38:18.829 [DEBU] [1 ms] INSERT INTO `post`(`id`,`user_id`,`content`,`time`,`title`) VALUES(0,0,'bbbb',1580769498,'aaaa') ON DUPLICATE KEY UPDATE `user_id`=VALUES(`user_id`),`content`=VALUES(`content`),`time`=VALUES(`time`),`title`=VALUES(`title`),`id`=VALUES(`id`)
2020-02-04 06:38:19.585 [DEBU] [2 ms] INSERT INTO `post`(`title`,`id`,`user_id`,`content`,`time`) VALUES('aaaa',0,0,'bbbb',1580769499) ON DUPLICATE KEY UPDATE `time`=VALUES(`time`),`title`=VALUES(`title`),`id`=VALUES(`id`),`user_id`=VALUES(`user_id`),`content`=VALUES(`content`)
2020-02-04 06:39:14.553 [DEBU] [4 ms] INSERT INTO `post`(`id`,`user_id`,`content`,`time`,`title`) VALUES(0,0,'bbbb',1580769554,'aaaa') ON DUPLICATE KEY UPDATE `content`=VALUES(`content`),`time`=VALUES(`time`),`title`=VALUES(`title`),`id`=VALUES(`id`),`user_id`=VALUES(`user_id`)
2020-02-04 06:39:15.327 [DEBU] [2 ms] INSERT INTO `post`(`id`,`user_id`,`content`,`time`,`title`) VALUES(0,0,'bbbb',1580769555,'aaaa') ON DUPLICATE KEY UPDATE `id`=VALUES(`id`),`user_id`=VALUES(`user_id`),`content`=VALUES(`content`),`time`=VALUES(`time`),`title`=VALUES(`title`)
2020-02-04 06:39:15.729 [DEBU] [2 ms] INSERT INTO `post`(`id`,`user_id`,`content`,`time`,`title`) VALUES(0,0,'bbbb',1580769555,'aaaa') ON DUPLICATE KEY UPDATE `time`=VALUES(`time`),`title`=VALUES(`title`),`id`=VALUES(`id`),`user_id`=VALUES(`user_id`),`content`=VALUES(`content`)
2020-02-04 06:39:16.014 [DEBU] [2 ms] INSERT INTO `post`(`id`,`user_id`,`content`,`time`,`title`) VALUES(0,0,'bbbb',1580769556,'aaaa') ON DUPLICATE KEY UPDATE `id`=VALUES(`id`),`user_id`=VALUES(`user_id`),`content`=VALUES(`content`),`time`=VALUES(`time`),`title`=VALUES(`title`)
2020-02-04 06:39:16.217 [DEBU] [2 ms] INSERT INTO `post`(`id`,`user_id`,`content`,`time`,`title`) VALUES(0,0,'bbbb',1580769556,'aaaa') ON DUPLICATE KEY UPDATE `id`=VALUES(`id`),`user_id`=VALUES(`user_id`),`content`=VALUES(`content`),`time`=VALUES(`time`),`title`=VALUES(`title`)
2020-02-04 06:40:23.730 [DEBU] [4 ms] INSERT INTO `post`(`user_id`,`content`,`time`,`title`,`id`) VALUES(0,'bbbb',1580769623,'aaaa',0) ON DUPLICATE KEY UPDATE `content`=VALUES(`content`),`time`=VALUES(`time`),`title`=VALUES(`title`),`id`=VALUES(`id`),`user_id`=VALUES(`user_id`)
2020-02-04 06:40:24.541 [DEBU] [2 ms] INSERT INTO `post`(`content`,`time`,`title`,`id`,`user_id`) VALUES('bbbb',1580769624,'aaaa',0,0) ON DUPLICATE KEY UPDATE `title`=VALUES(`title`),`id`=VALUES(`id`),`user_id`=VALUES(`user_id`),`content`=VALUES(`content`),`time`=VALUES(`time`)
2020-02-04 06:40:24.987 [DEBU] [2 ms] INSERT INTO `post`(`title`,`id`,`user_id`,`content`,`time`) VALUES('aaaa',0,0,'bbbb',1580769624) ON DUPLICATE KEY UPDATE `content`=VALUES(`content`),`time`=VALUES(`time`),`title`=VALUES(`title`),`id`=VALUES(`id`),`user_id`=VALUES(`user_id`)
2020-02-04 06:40:25.409 [DEBU] [4 ms] INSERT INTO `post`(`id`,`user_id`,`content`,`time`,`title`) VALUES(0,0,'bbbb',1580769625,'aaaa') ON DUPLICATE KEY UPDATE `id`=VALUES(`id`),`user_id`=VALUES(`user_id`),`content`=VALUES(`content`),`time`=VALUES(`time`),`title`=VALUES(`title`)
2020-02-04 06:40:25.785 [DEBU] [2 ms] INSERT INTO `post`(`content`,`time`,`title`,`id`,`user_id`) VALUES('bbbb',1580769625,'aaaa',0,0) ON DUPLICATE KEY UPDATE `id`=VALUES(`id`),`user_id`=VALUES(`user_id`),`content`=VALUES(`content`),`time`=VALUES(`time`),`title`=VALUES(`title`)
2020-02-04 06:40:26.035 [DEBU] [1 ms] INSERT INTO `post`(`content`,`time`,`title`,`id`,`user_id`) VALUES('bbbb',1580769626,'aaaa',0,0) ON DUPLICATE KEY UPDATE `time`=VALUES(`time`),`title`=VALUES(`title`),`id`=VALUES(`id`),`user_id`=VALUES(`user_id`),`content`=VALUES(`content`)
2020-02-04 06:40:26.585 [DEBU] [2 ms] INSERT INTO `post`(`content`,`time`,`title`,`id`,`user_id`) VALUES('bbbb',1580769626,'aaaa',0,0) ON DUPLICATE KEY UPDATE `time`=VALUES(`time`),`title`=VALUES(`title`),`id`=VALUES(`id`),`user_id`=VALUES(`user_id`),`content`=VALUES(`content`)
2020-02-04 06:40:26.955 [DEBU] [2 ms] INSERT INTO `post`(`user_id`,`content`,`time`,`title`,`id`) VALUES(0,'bbbb',1580769626,'aaaa',0) ON DUPLICATE KEY UPDATE `id`=VALUES(`id`),`user_id`=VALUES(`user_id`),`content`=VALUES(`content`),`time`=VALUES(`time`),`title`=VALUES(`title`)
2020-02-04 06:43:11.245 [DEBU] [5 ms] INSERT INTO `post`(`title`,`id`,`user_id`,`content`,`time`) VALUES('aaaa',0,0,'bbbb',1580769791) ON DUPLICATE KEY UPDATE `title`=VALUES(`title`),`id`=VALUES(`id`),`user_id`=VALUES(`user_id`),`content`=VALUES(`content`),`time`=VALUES(`time`)
2020-02-04 06:43:11.718 [DEBU] [2 ms] INSERT INTO `post`(`title`,`id`,`user_id`,`content`,`time`) VALUES('aaaa',0,0,'bbbb',1580769791) ON DUPLICATE KEY UPDATE `id`=VALUES(`id`),`user_id`=VALUES(`user_id`),`content`=VALUES(`content`),`time`=VALUES(`time`),`title`=VALUES(`title`)
2020-02-04 06:43:12.033 [DEBU] [14 ms] INSERT INTO `post`(`id`,`user_id`,`content`,`time`,`title`) VALUES(0,0,'bbbb',1580769792,'aaaa') ON DUPLICATE KEY UPDATE `id`=VALUES(`id`),`user_id`=VALUES(`user_id`),`content`=VALUES(`content`),`time`=VALUES(`time`),`title`=VALUES(`title`)
2020-02-04 06:43:12.664 [DEBU] [2 ms] INSERT INTO `post`(`time`,`title`,`id`,`user_id`,`content`) VALUES(1580769792,'aaaa',0,0,'bbbb') ON DUPLICATE KEY UPDATE `user_id`=VALUES(`user_id`),`content`=VALUES(`content`),`time`=VALUES(`time`),`title`=VALUES(`title`),`id`=VALUES(`id`)
2020-02-04 06:43:13.954 [DEBU] [2 ms] INSERT INTO `post`(`id`,`user_id`,`content`,`time`,`title`) VALUES(0,0,'bbbb',1580769793,'aaaa') ON DUPLICATE KEY UPDATE `id`=VALUES(`id`),`user_id`=VALUES(`user_id`),`content`=VALUES(`content`),`time`=VALUES(`time`),`title`=VALUES(`title`)
2020-02-04 06:43:14.200 [DEBU] [2 ms] INSERT INTO `post`(`id`,`user_id`,`content`,`time`,`title`) VALUES(0,0,'bbbb',1580769794,'aaaa') ON DUPLICATE KEY UPDATE `id`=VALUES(`id`),`user_id`=VALUES(`user_id`),`content`=VALUES(`content`),`time`=VALUES(`time`),`title`=VALUES(`title`)
2020-02-04 06:43:20.877 [DEBU] [4 ms] INSERT INTO `post`(`time`,`title`,`id`,`user_id`,`content`) VALUES(1580769800,'aaaa',0,0,'bbbb') ON DUPLICATE KEY UPDATE `id`=VALUES(`id`),`user_id`=VALUES(`user_id`),`content`=VALUES(`content`),`time`=VALUES(`time`),`title`=VALUES(`title`)
2020-02-04 06:43:21.379 [DEBU] [2 ms] INSERT INTO `post`(`id`,`user_id`,`content`,`time`,`title`) VALUES(0,0,'bbbb',1580769801,'aaaa') ON DUPLICATE KEY UPDATE `time`=VALUES(`time`),`title`=VALUES(`title`),`id`=VALUES(`id`),`user_id`=VALUES(`user_id`),`content`=VALUES(`content`)
2020-02-04 06:43:21.670 [DEBU] [2 ms] INSERT INTO `post`(`id`,`user_id`,`content`,`time`,`title`) VALUES(0,0,'bbbb',1580769801,'aaaa') ON DUPLICATE KEY UPDATE `id`=VALUES(`id`),`user_id`=VALUES(`user_id`),`content`=VALUES(`content`),`time`=VALUES(`time`),`title`=VALUES(`title`)
2020-02-04 06:43:22.054 [DEBU] [2 ms] INSERT INTO `post`(`user_id`,`content`,`time`,`title`,`id`) VALUES(0,'bbbb',1580769802,'aaaa',0) ON DUPLICATE KEY UPDATE `id`=VALUES(`id`),`user_id`=VALUES(`user_id`),`content`=VALUES(`content`),`time`=VALUES(`time`),`title`=VALUES(`title`)
2020-02-04 06:43:40.249 [DEBU] [4 ms] INSERT INTO `post`(`id`,`user_id`,`content`,`time`,`title`) VALUES(0,0,'bbbb',1580769820,'aaaa') ON DUPLICATE KEY UPDATE `title`=VALUES(`title`),`id`=VALUES(`id`),`user_id`=VALUES(`user_id`),`content`=VALUES(`content`),`time`=VALUES(`time`)
2020-02-04 06:43:40.736 [DEBU] [1 ms] INSERT INTO `post`(`user_id`,`content`,`time`,`title`,`id`) VALUES(0,'bbbb',1580769820,'aaaa',0) ON DUPLICATE KEY UPDATE `user_id`=VALUES(`user_id`),`content`=VALUES(`content`),`time`=VALUES(`time`),`title`=VALUES(`title`),`id`=VALUES(`id`)
2020-02-04 06:43:41.047 [DEBU] [2 ms] INSERT INTO `post`(`id`,`user_id`,`content`,`time`,`title`) VALUES(0,0,'bbbb',1580769821,'aaaa') ON DUPLICATE KEY UPDATE `id`=VALUES(`id`),`user_id`=VALUES(`user_id`),`content`=VALUES(`content`),`time`=VALUES(`time`),`title`=VALUES(`title`)
2020-02-04 06:43:41.289 [DEBU] [4 ms] INSERT INTO `post`(`title`,`id`,`user_id`,`content`,`time`) VALUES('aaaa',0,0,'bbbb',1580769821) ON DUPLICATE KEY UPDATE `user_id`=VALUES(`user_id`),`content`=VALUES(`content`),`time`=VALUES(`time`),`title`=VALUES(`title`),`id`=VALUES(`id`)
2020-02-04 06:44:01.792 [DEBU] [5 ms] INSERT INTO `post`(`content`,`time`,`title`,`id`,`user_id`) VALUES('bbbb',1580769841,'aaaa',0,0) ON DUPLICATE KEY UPDATE `id`=VALUES(`id`),`user_id`=VALUES(`user_id`),`content`=VALUES(`content`),`time`=VALUES(`time`),`title`=VALUES(`title`)
2020-02-04 06:44:02.380 [DEBU] [2 ms] INSERT INTO `post`(`id`,`user_id`,`content`,`time`,`title`) VALUES(0,0,'bbbb',1580769842,'aaaa') ON DUPLICATE KEY UPDATE `content`=VALUES(`content`),`time`=VALUES(`time`),`title`=VALUES(`title`),`id`=VALUES(`id`),`user_id`=VALUES(`user_id`)
2020-02-04 06:44:02.597 [DEBU] [1 ms] INSERT INTO `post`(`title`,`id`,`user_id`,`content`,`time`) VALUES('aaaa',0,0,'bbbb',1580769842) ON DUPLICATE KEY UPDATE `title`=VALUES(`title`),`id`=VALUES(`id`),`user_id`=VALUES(`user_id`),`content`=VALUES(`content`),`time`=VALUES(`time`)
2020-02-04 06:44:02.830 [DEBU] [2 ms] INSERT INTO `post`(`id`,`user_id`,`content`,`time`,`title`) VALUES(0,0,'bbbb',1580769842,'aaaa') ON DUPLICATE KEY UPDATE `id`=VALUES(`id`),`user_id`=VALUES(`user_id`),`content`=VALUES(`content`),`time`=VALUES(`time`),`title`=VALUES(`title`)
2020-02-04 06:44:03.017 [DEBU] [2 ms] INSERT INTO `post`(`id`,`user_id`,`content`,`time`,`title`) VALUES(0,0,'bbbb',1580769843,'aaaa') ON DUPLICATE KEY UPDATE `id`=VALUES(`id`),`user_id`=VALUES(`user_id`),`content`=VALUES(`content`),`time`=VALUES(`time`),`title`=VALUES(`title`)
2020-02-04 06:49:11.084 [DEBU] [3 ms] SELECT * FROM `post`
2020-02-04 06:53:57.237 [DEBU] [12 ms] INSERT INTO `post`(`id`,`user_id`,`content`,`time`,`title`) VALUES(0,0,'bbbb',1580770437,'aaaa') ON DUPLICATE KEY UPDATE `id`=VALUES(`id`),`user_id`=VALUES(`user_id`),`content`=VALUES(`content`),`time`=VALUES(`time`),`title`=VALUES(`title`)
2020-02-04 06:54:02.989 [DEBU] [1 ms] SELECT * FROM `post` LIMIT 1,5
2020-02-04 06:54:06.049 [DEBU] [0 ms] SELECT * FROM `post` LIMIT 1,5
2020-02-04 06:57:06.494 [DEBU] [4 ms] SELECT COUNT(1) FROM `post` 
2020-02-04 06:57:06.495 [DEBU] [0 ms] SELECT * FROM `post` LIMIT 1,5
2020-02-04 06:57:07.143 [DEBU] [2 ms] SELECT COUNT(1) FROM `post` 
2020-02-04 06:57:07.143 [DEBU] [0 ms] SELECT * FROM `post` LIMIT 1,5
2020-02-04 06:57:07.927 [DEBU] [1 ms] SELECT COUNT(1) FROM `post` 
2020-02-04 06:57:07.928 [DEBU] [0 ms] SELECT * FROM `post` LIMIT 1,5
2020-02-04 07:00:20.276 [DEBU] [4 ms] SELECT COUNT(1) FROM `post` 
2020-02-04 07:00:20.277 [DEBU] [0 ms] SELECT * FROM `post` LIMIT 1,5
2020-02-04 07:00:45.211 [DEBU] [4 ms] SELECT COUNT(1) FROM `post` 
2020-02-04 07:00:45.212 [DEBU] [0 ms] SELECT * FROM `post` LIMIT 1,5
2020-02-04 07:00:46.187 [DEBU] [1 ms] SELECT COUNT(1) FROM `post` 
2020-02-04 07:00:46.188 [DEBU] [0 ms] SELECT * FROM `post` LIMIT 1,5
2020-02-04 07:00:51.864 [DEBU] [2 ms] SELECT COUNT(1) FROM `post` 
2020-02-04 07:00:51.864 [DEBU] [0 ms] SELECT * FROM `post` LIMIT 1,5
2020-02-04 07:00:55.150 [DEBU] [0 ms] SELECT COUNT(1) FROM `post` 
2020-02-04 07:00:55.151 [DEBU] [0 ms] SELECT * FROM `post` LIMIT 1,5
2020-02-04 07:01:39.088 [DEBU] [4 ms] SELECT COUNT(1) FROM `post` 
2020-02-04 07:01:39.089 [DEBU] [0 ms] SELECT * FROM `post` LIMIT 3,10
2020-02-04 07:01:40.012 [DEBU] [1 ms] SELECT COUNT(1) FROM `post` 
2020-02-04 07:01:40.013 [DEBU] [0 ms] SELECT * FROM `post` LIMIT 3,10
2020-02-04 07:01:42.053 [DEBU] [2 ms] SELECT COUNT(1) FROM `post` 
2020-02-04 07:01:42.053 [DEBU] [0 ms] SELECT * FROM `post` LIMIT 1,10
2020-02-04 07:01:46.967 [DEBU] [1 ms] SELECT COUNT(1) FROM `post` 
2020-02-04 07:01:46.969 [DEBU] [0 ms] SELECT * FROM `post` LIMIT 10,10
2020-02-04 07:01:48.761 [DEBU] [1 ms] SELECT COUNT(1) FROM `post` 
2020-02-04 07:01:48.761 [DEBU] [0 ms] SELECT * FROM `post` LIMIT 11,10
2020-02-04 07:01:50.793 [DEBU] [1 ms] SELECT COUNT(1) FROM `post` 
2020-02-04 07:01:50.793 [DEBU] [0 ms] SELECT * FROM `post` LIMIT 155,10
2020-02-04 07:01:55.629 [DEBU] [1 ms] SELECT COUNT(1) FROM `post` 
2020-02-04 07:01:55.630 [DEBU] [0 ms] SELECT * FROM `post` LIMIT 12,10
2020-02-04 07:02:05.670 [DEBU] [1 ms] SELECT COUNT(1) FROM `post` 
2020-02-04 07:02:05.670 [DEBU] [0 ms] SELECT * FROM `post` LIMIT 10,10
2020-02-04 07:02:06.729 [DEBU] [1 ms] SELECT COUNT(1) FROM `post` 
2020-02-04 07:02:06.729 [DEBU] [0 ms] SELECT * FROM `post` LIMIT 11,10
2020-02-04 07:02:24.669 [DEBU] [3 ms] SELECT COUNT(1) FROM `post` 
2020-02-04 07:02:24.670 [DEBU] [0 ms] SELECT * FROM `post` LIMIT 11,10
2020-02-04 07:02:28.684 [DEBU] [2 ms] SELECT COUNT(1) FROM `post` 
2020-02-04 07:02:28.685 [DEBU] [0 ms] SELECT * FROM `post` LIMIT 11,10
2020-02-04 07:02:29.219 [DEBU] [1 ms] SELECT COUNT(1) FROM `post` 
2020-02-04 07:02:29.220 [DEBU] [0 ms] SELECT * FROM `post` LIMIT 11,10
2020-02-04 07:02:38.609 [DEBU] [1 ms] SELECT COUNT(1) FROM `post` 
2020-02-04 07:02:38.609 [DEBU] [0 ms] SELECT * FROM `post` LIMIT 12,10
2020-02-04 07:03:34.082 [DEBU] [3 ms] SELECT COUNT(1) FROM `post` 
2020-02-04 07:03:34.083 [DEBU] [1 ms] SELECT * FROM `post` LIMIT 12,10
2020-02-04 07:03:42.380 [DEBU] [3 ms] SELECT COUNT(1) FROM `post` 
2020-02-04 07:03:42.382 [DEBU] [1 ms] SELECT * FROM `post` LIMIT 12,10
2020-02-04 07:03:43.840 [DEBU] [1 ms] SELECT COUNT(1) FROM `post` 
2020-02-04 07:03:43.841 [DEBU] [0 ms] SELECT * FROM `post` LIMIT 12,10
2020-02-04 07:03:52.730 [DEBU] [3 ms] SELECT COUNT(1) FROM `post` 
2020-02-04 07:03:52.731 [DEBU] [0 ms] SELECT * FROM `post` LIMIT 12,10
2020-02-04 07:03:53.411 [DEBU] [1 ms] SELECT COUNT(1) FROM `post` 
2020-02-04 07:03:53.411 [DEBU] [0 ms] SELECT * FROM `post` LIMIT 12,10
2020-02-04 07:03:53.768 [DEBU] [1 ms] SELECT COUNT(1) FROM `post` 
2020-02-04 07:03:53.768 [DEBU] [0 ms] SELECT * FROM `post` LIMIT 12,10
2020-02-04 07:04:02.415 [DEBU] [1 ms] SELECT COUNT(1) FROM `post` 
2020-02-04 07:04:02.415 [DEBU] [0 ms] SELECT * FROM `post` LIMIT 50,10
2020-02-04 07:04:10.103 [DEBU] [1 ms] SELECT COUNT(1) FROM `post` 
2020-02-04 07:04:10.103 [DEBU] [0 ms] SELECT * FROM `post` LIMIT 123,10
2020-02-04 07:04:13.801 [DEBU] [1 ms] SELECT COUNT(1) FROM `post` 
2020-02-04 07:04:13.801 [DEBU] [0 ms] SELECT * FROM `post` LIMIT 1,10
2020-02-04 07:04:17.582 [DEBU] [1 ms] SELECT COUNT(1) FROM `post` 
2020-02-04 07:04:17.583 [DEBU] [0 ms] SELECT * FROM `post` LIMIT 2,10
2020-02-04 07:04:19.635 [DEBU] [1 ms] SELECT COUNT(1) FROM `post` 
2020-02-04 07:04:19.636 [DEBU] [0 ms] SELECT * FROM `post` LIMIT 3,10
2020-02-04 07:04:22.624 [DEBU] [1 ms] SELECT COUNT(1) FROM `post` 
2020-02-04 07:04:22.624 [DEBU] [0 ms] SELECT * FROM `post` LIMIT 4,10
2020-02-04 07:04:32.018 [DEBU] [2 ms] SELECT COUNT(1) FROM `post` 
2020-02-04 07:04:32.019 [DEBU] [1 ms] SELECT * FROM `post` LIMIT 5,10
2020-02-04 07:04:36.052 [DEBU] [1 ms] SELECT COUNT(1) FROM `post` 
2020-02-04 07:04:36.053 [DEBU] [0 ms] SELECT * FROM `post` LIMIT 6,10
2020-02-04 07:06:10.966 [DEBU] [2 ms] SELECT COUNT(1) FROM `post` 
2020-02-04 07:06:10.967 [DEBU] [0 ms] SELECT * FROM `post` LIMIT 1,10
2020-02-04 07:06:12.580 [DEBU] [1 ms] SELECT COUNT(1) FROM `post` 
2020-02-04 07:06:12.581 [DEBU] [1 ms] SELECT * FROM `post` LIMIT 1,10
2020-02-04 07:06:13.350 [DEBU] [1 ms] SELECT COUNT(1) FROM `post` 
2020-02-04 07:06:13.351 [DEBU] [0 ms] SELECT * FROM `post` LIMIT 1,10
2020-02-04 07:06:15.796 [DEBU] [1 ms] SELECT COUNT(1) FROM `post` 
2020-02-04 07:06:15.796 [DEBU] [0 ms] SELECT * FROM `post` LIMIT 1,10
2020-02-04 07:06:18.184 [DEBU] [1 ms] SELECT COUNT(1) FROM `post` 
2020-02-04 07:06:18.184 [DEBU] [0 ms] SELECT * FROM `post` LIMIT 1,10
2020-02-04 07:06:21.782 [DEBU] [1 ms] SELECT COUNT(1) FROM `post` 
2020-02-04 07:06:21.782 [DEBU] [0 ms] SELECT * FROM `post` LIMIT 1,10
2020-02-04 07:06:23.702 [DEBU] [1 ms] SELECT COUNT(1) FROM `post` 
2020-02-04 07:06:23.703 [DEBU] [1 ms] SELECT * FROM `post` LIMIT 2,10
2020-02-04 07:06:25.567 [DEBU] [1 ms] SELECT COUNT(1) FROM `post` 
2020-02-04 07:06:25.568 [DEBU] [0 ms] SELECT * FROM `post` LIMIT 3,10
2020-02-04 07:06:35.196 [DEBU] [1 ms] SELECT COUNT(1) FROM `post` 
2020-02-04 07:06:35.197 [DEBU] [0 ms] SELECT * FROM `post` LIMIT 3,10
2020-02-04 07:06:37.429 [DEBU] [1 ms] SELECT COUNT(1) FROM `post` 
2020-02-04 07:06:37.429 [DEBU] [0 ms] SELECT * FROM `post` LIMIT 5,10
2020-02-04 07:06:54.344 [DEBU] [2 ms] SELECT COUNT(1) FROM `post` 
2020-02-04 07:06:54.345 [DEBU] [1 ms] SELECT * FROM `post` LIMIT 9,10
2020-02-04 07:07:00.675 [DEBU] [1 ms] SELECT COUNT(1) FROM `post` 
2020-02-04 07:07:00.675 [DEBU] [0 ms] SELECT * FROM `post` LIMIT 10,10
2020-02-04 07:07:11.564 [DEBU] [1 ms] SELECT COUNT(1) FROM `post` 
2020-02-04 07:07:11.565 [DEBU] [0 ms] SELECT * FROM `post` LIMIT 10,10
2020-02-04 07:07:15.115 [DEBU] [3 ms] SELECT COUNT(1) FROM `post` 
2020-02-04 07:07:15.116 [DEBU] [0 ms] SELECT * FROM `post` LIMIT 0,1
2020-02-04 07:07:15.838 [DEBU] [2 ms] SELECT COUNT(1) FROM `post` 
2020-02-04 07:07:15.838 [DEBU] [0 ms] SELECT * FROM `post` LIMIT 0,1
2020-02-04 07:07:25.949 [DEBU] [4 ms] SELECT COUNT(1) FROM `post` 
2020-02-04 07:07:25.950 [DEBU] [0 ms] SELECT * FROM `post` LIMIT 10,1
2020-02-04 07:07:26.479 [DEBU] [1 ms] SELECT COUNT(1) FROM `post` 
2020-02-04 07:07:26.480 [DEBU] [0 ms] SELECT * FROM `post` LIMIT 10,1
2020-02-04 07:07:32.476 [DEBU] [1 ms] SELECT COUNT(1) FROM `post` 
2020-02-04 07:07:32.477 [DEBU] [1 ms] SELECT * FROM `post` LIMIT 10,1
2020-02-04 07:07:42.878 [DEBU] [3 ms] SELECT COUNT(1) FROM `post` 
2020-02-04 07:07:42.879 [DEBU] [0 ms] SELECT * FROM `post` LIMIT 1,1
2020-02-04 07:07:43.376 [DEBU] [1 ms] SELECT COUNT(1) FROM `post` 
2020-02-04 07:07:43.377 [DEBU] [0 ms] SELECT * FROM `post` LIMIT 1,1
2020-02-04 07:07:43.951 [DEBU] [2 ms] SELECT COUNT(1) FROM `post` 
2020-02-04 07:07:43.951 [DEBU] [0 ms] SELECT * FROM `post` LIMIT 1,1
2020-02-04 07:07:45.583 [DEBU] [1 ms] SELECT COUNT(1) FROM `post` 
2020-02-04 07:07:45.584 [DEBU] [1 ms] SELECT * FROM `post` LIMIT 1,1
2020-02-04 07:07:48.361 [DEBU] [1 ms] SELECT COUNT(1) FROM `post` 
2020-02-04 07:07:48.361 [DEBU] [0 ms] SELECT * FROM `post` LIMIT 1,1
2020-02-04 07:08:27.719 [DEBU] [2 ms] SELECT COUNT(1) FROM `post` 
2020-02-04 07:08:27.720 [DEBU] [0 ms] SELECT * FROM `post` LIMIT 1,1
2020-02-04 07:08:29.170 [DEBU] [2 ms] SELECT COUNT(1) FROM `post` 
2020-02-04 07:08:29.171 [DEBU] [1 ms] SELECT * FROM `post` LIMIT 1,1
2020-02-04 07:08:46.984 [DEBU] [3 ms] SELECT COUNT(1) FROM `post` 
2020-02-04 07:08:46.985 [DEBU] [1 ms] SELECT * FROM `post` LIMIT 0,10
2020-02-04 07:08:47.561 [DEBU] [0 ms] SELECT COUNT(1) FROM `post` 
2020-02-04 07:08:47.562 [DEBU] [0 ms] SELECT * FROM `post` LIMIT 0,10
2020-02-04 07:08:49.268 [DEBU] [1 ms] SELECT COUNT(1) FROM `post` 
2020-02-04 07:08:49.268 [DEBU] [0 ms] SELECT * FROM `post` LIMIT 10,10
2020-02-04 07:08:51.780 [DEBU] [2 ms] SELECT COUNT(1) FROM `post` 
2020-02-04 07:08:51.780 [DEBU] [0 ms] SELECT * FROM `post` LIMIT 20,10
2020-02-04 07:08:53.668 [DEBU] [1 ms] SELECT COUNT(1) FROM `post` 
2020-02-04 07:08:53.669 [DEBU] [0 ms] SELECT * FROM `post` LIMIT 30,10
2020-02-04 07:08:55.825 [DEBU] [1 ms] SELECT COUNT(1) FROM `post` 
2020-02-04 07:08:55.826 [DEBU] [1 ms] SELECT * FROM `post` LIMIT 40,10
2020-02-04 07:08:58.633 [DEBU] [1 ms] SELECT COUNT(1) FROM `post` 
2020-02-04 07:08:58.633 [DEBU] [0 ms] SELECT * FROM `post` LIMIT 50,10
2020-02-04 07:10:19.121 [DEBU] [4 ms] SELECT COUNT(1) FROM `post` 
2020-02-04 07:10:19.122 [DEBU] [0 ms] SELECT * FROM `post` LIMIT 50,10
2020-02-04 07:10:19.814 [DEBU] [1 ms] SELECT COUNT(1) FROM `post` 
2020-02-04 07:10:19.814 [DEBU] [0 ms] SELECT * FROM `post` LIMIT 50,10
2020-02-04 07:10:20.891 [DEBU] [1 ms] SELECT COUNT(1) FROM `post` 
2020-02-04 07:10:20.892 [DEBU] [0 ms] SELECT * FROM `post` LIMIT 0,10
2020-02-04 07:10:21.469 [DEBU] [1 ms] SELECT COUNT(1) FROM `post` 
2020-02-04 07:10:21.470 [DEBU] [0 ms] SELECT * FROM `post` LIMIT 0,10
2020-02-04 07:10:21.703 [DEBU] [0 ms] SELECT COUNT(1) FROM `post` 
2020-02-04 07:10:21.704 [DEBU] [0 ms] SELECT * FROM `post` LIMIT 0,10
2020-02-04 07:13:47.375 [DEBU] [5 ms] SELECT COUNT(1) FROM `post` 
2020-02-04 07:13:47.376 [DEBU] [0 ms] SELECT * FROM `post` LIMIT 0,10
2020-02-04 07:13:47.777 [DEBU] [1 ms] SELECT COUNT(1) FROM `post` 
2020-02-04 07:13:47.778 [DEBU] [0 ms] SELECT * FROM `post` LIMIT 0,10
2020-02-04 07:13:47.992 [DEBU] [1 ms] SELECT COUNT(1) FROM `post` 
2020-02-04 07:13:47.993 [DEBU] [0 ms] SELECT * FROM `post` LIMIT 0,10
2020-02-04 07:14:21.533 [DEBU] [3 ms] SELECT COUNT(1) FROM `post` 
2020-02-04 07:14:21.534 [DEBU] [0 ms] SELECT * FROM `post` LIMIT 10
2020-02-04 07:14:22.046 [DEBU] [2 ms] SELECT COUNT(1) FROM `post` 
2020-02-04 07:14:22.046 [DEBU] [0 ms] SELECT * FROM `post` LIMIT 10
2020-02-04 07:14:22.288 [DEBU] [0 ms] SELECT COUNT(1) FROM `post` 
2020-02-04 07:14:22.289 [DEBU] [0 ms] SELECT * FROM `post` LIMIT 10
2020-02-04 07:14:34.112 [DEBU] [4 ms] SELECT COUNT(1) FROM `post` 
2020-02-04 07:14:34.113 [DEBU] [0 ms] SELECT * FROM `post` LIMIT 10
2020-02-04 07:14:34.587 [DEBU] [1 ms] SELECT COUNT(1) FROM `post` 
2020-02-04 07:14:34.588 [DEBU] [0 ms] SELECT * FROM `post` LIMIT 10
2020-02-04 07:14:34.844 [DEBU] [2 ms] SELECT COUNT(1) FROM `post` 
2020-02-04 07:14:34.844 [DEBU] [0 ms] SELECT * FROM `post` LIMIT 10
2020-02-04 07:14:35.039 [DEBU] [1 ms] SELECT COUNT(1) FROM `post` 
2020-02-04 07:14:35.040 [DEBU] [1 ms] SELECT * FROM `post` LIMIT 10
2020-02-04 07:15:35.695 [DEBU] [5 ms] SELECT COUNT(1) FROM `post` 
2020-02-04 07:15:35.697 [DEBU] [1 ms] SELECT * FROM `post` LIMIT 10
2020-02-04 07:15:36.212 [DEBU] [1 ms] SELECT COUNT(1) FROM `post` 
2020-02-04 07:15:36.213 [DEBU] [1 ms] SELECT * FROM `post` LIMIT 10
2020-02-04 07:15:36.655 [DEBU] [1 ms] SELECT COUNT(1) FROM `post` 
2020-02-04 07:15:36.655 [DEBU] [0 ms] SELECT * FROM `post` LIMIT 10
2020-02-04 07:16:22.621 [DEBU] [4 ms] SELECT COUNT(1) FROM `post` 
2020-02-04 07:16:22.622 [DEBU] [0 ms] SELECT * FROM `post` LIMIT 10
2020-02-04 07:16:23.139 [DEBU] [2 ms] SELECT COUNT(1) FROM `post` 
2020-02-04 07:16:23.139 [DEBU] [0 ms] SELECT * FROM `post` LIMIT 10
2020-02-04 07:16:40.069 [DEBU] [6 ms] SELECT COUNT(1) FROM `post` 
2020-02-04 07:16:40.070 [DEBU] [0 ms] SELECT * FROM `post` LIMIT 10
2020-02-04 07:16:40.228 [DEBU] [1 ms] SELECT COUNT(1) FROM `post` 
2020-02-04 07:16:40.229 [DEBU] [1 ms] SELECT * FROM `post` LIMIT 10
2020-02-04 07:16:40.651 [DEBU] [1 ms] SELECT COUNT(1) FROM `post` 
2020-02-04 07:16:40.652 [DEBU] [0 ms] SELECT * FROM `post` LIMIT 10
2020-02-04 07:16:40.980 [DEBU] [1 ms] SELECT COUNT(1) FROM `post` 
2020-02-04 07:16:40.981 [DEBU] [0 ms] SELECT * FROM `post` LIMIT 10
2020-02-04 07:16:47.961 [DEBU] [1 ms] SELECT COUNT(1) FROM `post` 
2020-02-04 07:16:47.961 [DEBU] [0 ms] SELECT * FROM `post` LIMIT 10
2020-02-04 07:17:13.178 [DEBU] [4 ms] SELECT COUNT(1) FROM `post` 
2020-02-04 07:17:13.180 [DEBU] [1 ms] SELECT * FROM `post` LIMIT 10
2020-02-04 07:17:13.600 [DEBU] [1 ms] SELECT COUNT(1) FROM `post` 
2020-02-04 07:17:13.602 [DEBU] [1 ms] SELECT * FROM `post` LIMIT 10
2020-02-04 07:17:14.807 [DEBU] [1 ms] SELECT COUNT(1) FROM `post` 
2020-02-04 07:17:14.808 [DEBU] [0 ms] SELECT * FROM `post` LIMIT 10
2020-02-04 07:17:17.474 [DEBU] [1 ms] SELECT COUNT(1) FROM `post` 
2020-02-04 07:17:17.474 [DEBU] [0 ms] SELECT * FROM `post` LIMIT 10
2020-02-04 07:17:29.632 [DEBU] [2 ms] SELECT COUNT(1) FROM `post` 
2020-02-04 07:17:29.634 [DEBU] [1 ms] SELECT * FROM `post` LIMIT 10
2020-02-04 07:17:30.192 [DEBU] [2 ms] SELECT COUNT(1) FROM `post` 
2020-02-04 07:17:30.193 [DEBU] [1 ms] SELECT * FROM `post` LIMIT 10
2020-02-04 07:17:34.500 [DEBU] [1 ms] SELECT COUNT(1) FROM `post` 
2020-02-04 07:17:34.501 [DEBU] [0 ms] SELECT * FROM `post` LIMIT 10
2020-02-04 07:17:40.075 [DEBU] [2 ms] SELECT COUNT(1) FROM `post` 
2020-02-04 07:17:40.075 [DEBU] [0 ms] SELECT * FROM `post` LIMIT 10
2020-02-04 07:17:58.415 [DEBU] [3 ms] SELECT COUNT(1) FROM `post` 
2020-02-04 07:17:58.416 [DEBU] [0 ms] SELECT * FROM `post` LIMIT 10
2020-02-04 07:18:03.984 [DEBU] [1 ms] SELECT COUNT(1) FROM `post` 
2020-02-04 07:18:03.985 [DEBU] [0 ms] SELECT * FROM `post` LIMIT 10
2020-02-04 07:18:08.329 [DEBU] [1 ms] SELECT COUNT(1) FROM `post` 
2020-02-04 07:18:08.330 [DEBU] [0 ms] SELECT * FROM `post` LIMIT 10
2020-02-04 07:18:11.118 [DEBU] [1 ms] SELECT COUNT(1) FROM `post` 
2020-02-04 07:18:11.119 [DEBU] [0 ms] SELECT * FROM `post` LIMIT 10
2020-02-04 07:18:15.419 [DEBU] [1 ms] SELECT COUNT(1) FROM `post` 
2020-02-04 07:18:15.419 [DEBU] [0 ms] SELECT * FROM `post` LIMIT 0,10
2020-02-04 07:19:44.400 [DEBU] [4 ms] SELECT COUNT(1) FROM `post` 
2020-02-04 07:19:44.401 [DEBU] [0 ms] SELECT * FROM `post` LIMIT 0,10
2020-02-04 07:19:44.938 [DEBU] [1 ms] SELECT COUNT(1) FROM `post` 
2020-02-04 07:19:44.939 [DEBU] [0 ms] SELECT * FROM `post` LIMIT 0,10
2020-02-04 07:19:48.891 [DEBU] [1 ms] SELECT COUNT(1) FROM `post` 
2020-02-04 07:19:48.891 [DEBU] [0 ms] SELECT * FROM `post` LIMIT 10
2020-02-04 07:19:52.034 [DEBU] [1 ms] SELECT COUNT(1) FROM `post` 
2020-02-04 07:19:52.034 [DEBU] [0 ms] SELECT * FROM `post` LIMIT 10
2020-02-04 07:20:17.618 [DEBU] [4 ms] SELECT COUNT(1) FROM `post` 
2020-02-04 07:20:17.618 [DEBU] [0 ms] SELECT * FROM `post` LIMIT 10,10
2020-02-04 07:20:18.116 [DEBU] [1 ms] SELECT COUNT(1) FROM `post` 
2020-02-04 07:20:18.117 [DEBU] [0 ms] SELECT * FROM `post` LIMIT 10,10
2020-02-04 07:20:21.312 [DEBU] [2 ms] SELECT COUNT(1) FROM `post` 
2020-02-04 07:20:21.312 [DEBU] [0 ms] SELECT * FROM `post` LIMIT 20,10
2020-02-04 07:20:23.000 [DEBU] [1 ms] SELECT COUNT(1) FROM `post` 
2020-02-04 07:20:23.000 [DEBU] [0 ms] SELECT * FROM `post` LIMIT 30,10
2020-02-04 07:20:25.556 [DEBU] [0 ms] SELECT COUNT(1) FROM `post` 
2020-02-04 07:20:25.556 [DEBU] [0 ms] SELECT * FROM `post` LIMIT 40,10
2020-02-04 17:45:36.340 [DEBU] [3 ms] SELECT COUNT(1) FROM `post` 
2020-02-04 17:45:36.341 [DEBU] [1 ms] SELECT * FROM `post` LIMIT 40,10
2020-02-04 18:12:25.716 [DEBU] [3 ms] SELECT COUNT(1) FROM `post` 
2020-02-04 18:12:25.717 [DEBU] [1 ms] SELECT * FROM `post` LIMIT 40,10
