
  SERVER  | DOMAIN  | ADDRESS | METHOD |     ROUTE     |                          HANDLER                           |   MIDDLEWARE     
|---------|---------|---------|--------|---------------|------------------------------------------------------------|-----------------|
  default | default | :8199   | ALL    | /aaa          | laravel-go/app/Http/Controllers/Home.(*Controller).Home-fm |                  
|---------|---------|---------|--------|---------------|------------------------------------------------------------|-----------------|
  default | default | :8199   | ALL    | /artice       | laravel-go/app/Http/Controllers/Home.(*Controller).Artice  |                  
|---------|---------|---------|--------|---------------|------------------------------------------------------------|-----------------|
  default | default | :8199   | ALL    | /auth         | laravel-go/app/Http/Controllers/Home.(*Controller).Auth    |                  
|---------|---------|---------|--------|---------------|------------------------------------------------------------|-----------------|
  default | default | :8199   | ALL    | /home         | laravel-go/app/Http/Controllers/Home.(*Controller).Home    |                  
|---------|---------|---------|--------|---------------|------------------------------------------------------------|-----------------|
  default | default | :8199   | ALL    | /list         | laravel-go/app/Http/Controllers/Home.(*Controller).List    |                  
|---------|---------|---------|--------|---------------|------------------------------------------------------------|-----------------|
  default | default | :8199   | ALL    | /list2        | laravel-go/app/Http/Controllers/Home.(*Controller).List2   |                  
|---------|---------|---------|--------|---------------|------------------------------------------------------------|-----------------|
  default | default | :8199   | ALL    | /users/auth   | laravel-go/app/Http/Controllers/Home.(*Controller).Auth-fm | Middleware.Auth  
|---------|---------|---------|--------|---------------|------------------------------------------------------------|-----------------|
  default | default | :8199   | ALL    | /users/home   | laravel-go/app/Http/Controllers/User.(*Controller).Home    |                  
|---------|---------|---------|--------|---------------|------------------------------------------------------------|-----------------|
  default | default | :8199   | ALL    | /users/info   | laravel-go/app/Http/Controllers/User.(*Controller).Info    |                  
|---------|---------|---------|--------|---------------|------------------------------------------------------------|-----------------|
  default | default | :8199   | ALL    | /users/list   | laravel-go/app/Http/Controllers/User.(*Controller).List    |                  
|---------|---------|---------|--------|---------------|------------------------------------------------------------|-----------------|
  default | default | :8199   | ALL    | /users/post   | laravel-go/app/Http/Controllers/User.(*Controller).Post    |                  
|---------|---------|---------|--------|---------------|------------------------------------------------------------|-----------------|
  default | default | :8199   | ALL    | /users/posts  | laravel-go/app/Http/Controllers/User.(*Controller).Posts   |                  
|---------|---------|---------|--------|---------------|------------------------------------------------------------|-----------------|
  default | default | :8199   | ALL    | /users/signup | laravel-go/app/Http/Controllers/User.(*Controller).SignUp  |                  
|---------|---------|---------|--------|---------------|------------------------------------------------------------|-----------------|


  SERVER  | DOMAIN  | ADDRESS | METHOD |     ROUTE     |                          HANDLER                           |   MIDDLEWARE     
|---------|---------|---------|--------|---------------|------------------------------------------------------------|-----------------|
  default | default | :8199   | ALL    | /aaa          | laravel-go/app/Http/Controllers/Home.(*Controller).Home-fm |                  
|---------|---------|---------|--------|---------------|------------------------------------------------------------|-----------------|
  default | default | :8199   | ALL    | /artice       | laravel-go/app/Http/Controllers/Home.(*Controller).Artice  |                  
|---------|---------|---------|--------|---------------|------------------------------------------------------------|-----------------|
  default | default | :8199   | ALL    | /auth         | laravel-go/app/Http/Controllers/Home.(*Controller).Auth    |                  
|---------|---------|---------|--------|---------------|------------------------------------------------------------|-----------------|
  default | default | :8199   | ALL    | /home         | laravel-go/app/Http/Controllers/Home.(*Controller).Home    |                  
|---------|---------|---------|--------|---------------|------------------------------------------------------------|-----------------|
  default | default | :8199   | ALL    | /list         | laravel-go/app/Http/Controllers/Home.(*Controller).List    |                  
|---------|---------|---------|--------|---------------|------------------------------------------------------------|-----------------|
  default | default | :8199   | ALL    | /list2        | laravel-go/app/Http/Controllers/Home.(*Controller).List2   |                  
|---------|---------|---------|--------|---------------|------------------------------------------------------------|-----------------|
  default | default | :8199   | ALL    | /users/auth   | laravel-go/app/Http/Controllers/Home.(*Controller).Auth-fm | Middleware.Auth  
|---------|---------|---------|--------|---------------|------------------------------------------------------------|-----------------|
  default | default | :8199   | ALL    | /users/home   | laravel-go/app/Http/Controllers/User.(*Controller).Home    |                  
|---------|---------|---------|--------|---------------|------------------------------------------------------------|-----------------|
  default | default | :8199   | ALL    | /users/info   | laravel-go/app/Http/Controllers/User.(*Controller).Info    |                  
|---------|---------|---------|--------|---------------|------------------------------------------------------------|-----------------|
  default | default | :8199   | ALL    | /users/list   | laravel-go/app/Http/Controllers/User.(*Controller).List    |                  
|---------|---------|---------|--------|---------------|------------------------------------------------------------|-----------------|
  default | default | :8199   | ALL    | /users/post   | laravel-go/app/Http/Controllers/User.(*Controller).Post    |                  
|---------|---------|---------|--------|---------------|------------------------------------------------------------|-----------------|
  default | default | :8199   | ALL    | /users/posts  | laravel-go/app/Http/Controllers/User.(*Controller).Posts   |                  
|---------|---------|---------|--------|---------------|------------------------------------------------------------|-----------------|
  default | default | :8199   | ALL    | /users/signup | laravel-go/app/Http/Controllers/User.(*Controller).SignUp  |                  
|---------|---------|---------|--------|---------------|------------------------------------------------------------|-----------------|


  SERVER  | DOMAIN  | ADDRESS | METHOD |    ROUTE    |                         HANDLER                          | MIDDLEWARE  
|---------|---------|---------|--------|-------------|----------------------------------------------------------|------------|
  default | default | :8199   | ALL    | /api/home   | laravel-go/app/Http/Controllers/Api.(*Controller).Home   |             
|---------|---------|---------|--------|-------------|----------------------------------------------------------|------------|
  default | default | :8199   | ALL    | /api/info   | laravel-go/app/Http/Controllers/Api.(*Controller).Info   |             
|---------|---------|---------|--------|-------------|----------------------------------------------------------|------------|
  default | default | :8199   | ALL    | /api/list   | laravel-go/app/Http/Controllers/Api.(*Controller).List   |             
|---------|---------|---------|--------|-------------|----------------------------------------------------------|------------|
  default | default | :8199   | ALL    | /api/post   | laravel-go/app/Http/Controllers/Api.(*Controller).Post   |             
|---------|---------|---------|--------|-------------|----------------------------------------------------------|------------|
  default | default | :8199   | ALL    | /api/posts  | laravel-go/app/Http/Controllers/Api.(*Controller).Posts  |             
|---------|---------|---------|--------|-------------|----------------------------------------------------------|------------|
  default | default | :8199   | ALL    | /api/signup | laravel-go/app/Http/Controllers/Api.(*Controller).SignUp |             
|---------|---------|---------|--------|-------------|----------------------------------------------------------|------------|


  SERVER  | DOMAIN  | ADDRESS | METHOD |       ROUTE       |                            HANDLER                             | MIDDLEWARE  
|---------|---------|---------|--------|-------------------|----------------------------------------------------------------|------------|
  default | default | :8199   | ALL    | /api/getqueue     | laravel-go/app/Http/Controllers/Api.(*Controller).GetQueue     |             
|---------|---------|---------|--------|-------------------|----------------------------------------------------------------|------------|
  default | default | :8199   | ALL    | /api/getqueueinfo | laravel-go/app/Http/Controllers/Api.(*Controller).GetQueueInfo |             
|---------|---------|---------|--------|-------------------|----------------------------------------------------------------|------------|
  default | default | :8199   | ALL    | /api/putqueue     | laravel-go/app/Http/Controllers/Api.(*Controller).PutQueue     |             
|---------|---------|---------|--------|-------------------|----------------------------------------------------------------|------------|


  SERVER  | DOMAIN  | ADDRESS | METHOD |       ROUTE       |                            HANDLER                             | MIDDLEWARE  
|---------|---------|---------|--------|-------------------|----------------------------------------------------------------|------------|
  default | default | :8199   | ALL    | /api/create       | laravel-go/app/Http/Controllers/Api.(*Controller).Create       |             
|---------|---------|---------|--------|-------------------|----------------------------------------------------------------|------------|
  default | default | :8199   | ALL    | /api/getqueue     | laravel-go/app/Http/Controllers/Api.(*Controller).GetQueue     |             
|---------|---------|---------|--------|-------------------|----------------------------------------------------------------|------------|
  default | default | :8199   | ALL    | /api/getqueueinfo | laravel-go/app/Http/Controllers/Api.(*Controller).GetQueueInfo |             
|---------|---------|---------|--------|-------------------|----------------------------------------------------------------|------------|
  default | default | :8199   | ALL    | /api/putqueue     | laravel-go/app/Http/Controllers/Api.(*Controller).PutQueue     |             
|---------|---------|---------|--------|-------------------|----------------------------------------------------------------|------------|


  SERVER  | DOMAIN  | ADDRESS | METHOD |       ROUTE       |                            HANDLER                             | MIDDLEWARE  
|---------|---------|---------|--------|-------------------|----------------------------------------------------------------|------------|
  default | default | :8199   | ALL    | /api/create       | laravel-go/app/Http/Controllers/Api.(*Controller).Create       |             
|---------|---------|---------|--------|-------------------|----------------------------------------------------------------|------------|
  default | default | :8199   | ALL    | /api/getqueue     | laravel-go/app/Http/Controllers/Api.(*Controller).GetQueue     |             
|---------|---------|---------|--------|-------------------|----------------------------------------------------------------|------------|
  default | default | :8199   | ALL    | /api/getqueueinfo | laravel-go/app/Http/Controllers/Api.(*Controller).GetQueueInfo |             
|---------|---------|---------|--------|-------------------|----------------------------------------------------------------|------------|
  default | default | :8199   | ALL    | /api/putqueue     | laravel-go/app/Http/Controllers/Api.(*Controller).PutQueue     |             
|---------|---------|---------|--------|-------------------|----------------------------------------------------------------|------------|


  SERVER  | DOMAIN  | ADDRESS | METHOD |       ROUTE       |                            HANDLER                             | MIDDLEWARE  
|---------|---------|---------|--------|-------------------|----------------------------------------------------------------|------------|
  default | default | :8199   | ALL    | /api/create       | laravel-go/app/Http/Controllers/Api.(*Controller).Create       |             
|---------|---------|---------|--------|-------------------|----------------------------------------------------------------|------------|
  default | default | :8199   | ALL    | /api/getqueue     | laravel-go/app/Http/Controllers/Api.(*Controller).GetQueue     |             
|---------|---------|---------|--------|-------------------|----------------------------------------------------------------|------------|
  default | default | :8199   | ALL    | /api/getqueueinfo | laravel-go/app/Http/Controllers/Api.(*Controller).GetQueueInfo |             
|---------|---------|---------|--------|-------------------|----------------------------------------------------------------|------------|
  default | default | :8199   | ALL    | /api/putqueue     | laravel-go/app/Http/Controllers/Api.(*Controller).PutQueue     |             
|---------|---------|---------|--------|-------------------|----------------------------------------------------------------|------------|


  SERVER  | DOMAIN  | ADDRESS | METHOD |       ROUTE       |                            HANDLER                             | MIDDLEWARE  
|---------|---------|---------|--------|-------------------|----------------------------------------------------------------|------------|
  default | default | :8199   | ALL    | /api/create       | laravel-go/app/Http/Controllers/Api.(*Controller).Create       |             
|---------|---------|---------|--------|-------------------|----------------------------------------------------------------|------------|
  default | default | :8199   | ALL    | /api/getqueue     | laravel-go/app/Http/Controllers/Api.(*Controller).GetQueue     |             
|---------|---------|---------|--------|-------------------|----------------------------------------------------------------|------------|
  default | default | :8199   | ALL    | /api/getqueueinfo | laravel-go/app/Http/Controllers/Api.(*Controller).GetQueueInfo |             
|---------|---------|---------|--------|-------------------|----------------------------------------------------------------|------------|
  default | default | :8199   | ALL    | /api/putqueue     | laravel-go/app/Http/Controllers/Api.(*Controller).PutQueue     |             
|---------|---------|---------|--------|-------------------|----------------------------------------------------------------|------------|


  SERVER  | DOMAIN  | ADDRESS | METHOD |       ROUTE       |                            HANDLER                             | MIDDLEWARE  
|---------|---------|---------|--------|-------------------|----------------------------------------------------------------|------------|
  default | default | :8199   | ALL    | /api/create       | laravel-go/app/Http/Controllers/Api.(*Controller).Create       |             
|---------|---------|---------|--------|-------------------|----------------------------------------------------------------|------------|
  default | default | :8199   | ALL    | /api/getqueue     | laravel-go/app/Http/Controllers/Api.(*Controller).GetQueue     |             
|---------|---------|---------|--------|-------------------|----------------------------------------------------------------|------------|
  default | default | :8199   | ALL    | /api/getqueueinfo | laravel-go/app/Http/Controllers/Api.(*Controller).GetQueueInfo |             
|---------|---------|---------|--------|-------------------|----------------------------------------------------------------|------------|
  default | default | :8199   | ALL    | /api/putqueue     | laravel-go/app/Http/Controllers/Api.(*Controller).PutQueue     |             
|---------|---------|---------|--------|-------------------|----------------------------------------------------------------|------------|


  SERVER  | DOMAIN  | ADDRESS | METHOD |       ROUTE       |                            HANDLER                             | MIDDLEWARE  
|---------|---------|---------|--------|-------------------|----------------------------------------------------------------|------------|
  default | default | :8199   | ALL    | /api/create       | laravel-go/app/Http/Controllers/Api.(*Controller).Create       |             
|---------|---------|---------|--------|-------------------|----------------------------------------------------------------|------------|
  default | default | :8199   | ALL    | /api/getqueue     | laravel-go/app/Http/Controllers/Api.(*Controller).GetQueue     |             
|---------|---------|---------|--------|-------------------|----------------------------------------------------------------|------------|
  default | default | :8199   | ALL    | /api/getqueueinfo | laravel-go/app/Http/Controllers/Api.(*Controller).GetQueueInfo |             
|---------|---------|---------|--------|-------------------|----------------------------------------------------------------|------------|
  default | default | :8199   | ALL    | /api/putqueue     | laravel-go/app/Http/Controllers/Api.(*Controller).PutQueue     |             
|---------|---------|---------|--------|-------------------|----------------------------------------------------------------|------------|


  SERVER  | DOMAIN  | ADDRESS | METHOD |       ROUTE       |                            HANDLER                             | MIDDLEWARE  
|---------|---------|---------|--------|-------------------|----------------------------------------------------------------|------------|
  default | default | :8199   | ALL    | /api/create       | laravel-go/app/Http/Controllers/Api.(*Controller).Create       |             
|---------|---------|---------|--------|-------------------|----------------------------------------------------------------|------------|
  default | default | :8199   | ALL    | /api/getqueue     | laravel-go/app/Http/Controllers/Api.(*Controller).GetQueue     |             
|---------|---------|---------|--------|-------------------|----------------------------------------------------------------|------------|
  default | default | :8199   | ALL    | /api/getqueueinfo | laravel-go/app/Http/Controllers/Api.(*Controller).GetQueueInfo |             
|---------|---------|---------|--------|-------------------|----------------------------------------------------------------|------------|
  default | default | :8199   | ALL    | /api/putqueue     | laravel-go/app/Http/Controllers/Api.(*Controller).PutQueue     |             
|---------|---------|---------|--------|-------------------|----------------------------------------------------------------|------------|


  SERVER  | DOMAIN  | ADDRESS | METHOD |       ROUTE       |                            HANDLER                             | MIDDLEWARE  
|---------|---------|---------|--------|-------------------|----------------------------------------------------------------|------------|
  default | default | :8199   | ALL    | /api/create       | laravel-go/app/Http/Controllers/Api.(*Controller).Create       |             
|---------|---------|---------|--------|-------------------|----------------------------------------------------------------|------------|
  default | default | :8199   | ALL    | /api/getqueue     | laravel-go/app/Http/Controllers/Api.(*Controller).GetQueue     |             
|---------|---------|---------|--------|-------------------|----------------------------------------------------------------|------------|
  default | default | :8199   | ALL    | /api/getqueueinfo | laravel-go/app/Http/Controllers/Api.(*Controller).GetQueueInfo |             
|---------|---------|---------|--------|-------------------|----------------------------------------------------------------|------------|
  default | default | :8199   | ALL    | /api/putqueue     | laravel-go/app/Http/Controllers/Api.(*Controller).PutQueue     |             
|---------|---------|---------|--------|-------------------|----------------------------------------------------------------|------------|


  SERVER  | DOMAIN  | ADDRESS | METHOD |       ROUTE       |                            HANDLER                             | MIDDLEWARE  
|---------|---------|---------|--------|-------------------|----------------------------------------------------------------|------------|
  default | default | :8199   | ALL    | /api/create       | laravel-go/app/Http/Controllers/Api.(*Controller).Create       |             
|---------|---------|---------|--------|-------------------|----------------------------------------------------------------|------------|
  default | default | :8199   | ALL    | /api/getqueue     | laravel-go/app/Http/Controllers/Api.(*Controller).GetQueue     |             
|---------|---------|---------|--------|-------------------|----------------------------------------------------------------|------------|
  default | default | :8199   | ALL    | /api/getqueueinfo | laravel-go/app/Http/Controllers/Api.(*Controller).GetQueueInfo |             
|---------|---------|---------|--------|-------------------|----------------------------------------------------------------|------------|
  default | default | :8199   | ALL    | /api/putqueue     | laravel-go/app/Http/Controllers/Api.(*Controller).PutQueue     |             
|---------|---------|---------|--------|-------------------|----------------------------------------------------------------|------------|


  SERVER  | DOMAIN  | ADDRESS | METHOD |       ROUTE       |                            HANDLER                             | MIDDLEWARE  
|---------|---------|---------|--------|-------------------|----------------------------------------------------------------|------------|
  default | default | :8199   | ALL    | /api/create       | laravel-go/app/Http/Controllers/Api.(*Controller).Create       |             
|---------|---------|---------|--------|-------------------|----------------------------------------------------------------|------------|
  default | default | :8199   | ALL    | /api/getqueue     | laravel-go/app/Http/Controllers/Api.(*Controller).GetQueue     |             
|---------|---------|---------|--------|-------------------|----------------------------------------------------------------|------------|
  default | default | :8199   | ALL    | /api/getqueueinfo | laravel-go/app/Http/Controllers/Api.(*Controller).GetQueueInfo |             
|---------|---------|---------|--------|-------------------|----------------------------------------------------------------|------------|
  default | default | :8199   | ALL    | /api/putqueue     | laravel-go/app/Http/Controllers/Api.(*Controller).PutQueue     |             
|---------|---------|---------|--------|-------------------|----------------------------------------------------------------|------------|


  SERVER  | DOMAIN  | ADDRESS | METHOD |       ROUTE       |                            HANDLER                             | MIDDLEWARE  
|---------|---------|---------|--------|-------------------|----------------------------------------------------------------|------------|
  default | default | :8199   | ALL    | /api/create       | laravel-go/app/Http/Controllers/Api.(*Controller).Create       |             
|---------|---------|---------|--------|-------------------|----------------------------------------------------------------|------------|
  default | default | :8199   | ALL    | /api/getqueue     | laravel-go/app/Http/Controllers/Api.(*Controller).GetQueue     |             
|---------|---------|---------|--------|-------------------|----------------------------------------------------------------|------------|
  default | default | :8199   | ALL    | /api/getqueueinfo | laravel-go/app/Http/Controllers/Api.(*Controller).GetQueueInfo |             
|---------|---------|---------|--------|-------------------|----------------------------------------------------------------|------------|
  default | default | :8199   | ALL    | /api/putqueue     | laravel-go/app/Http/Controllers/Api.(*Controller).PutQueue     |             
|---------|---------|---------|--------|-------------------|----------------------------------------------------------------|------------|


  SERVER  | DOMAIN  | ADDRESS | METHOD |       ROUTE       |                            HANDLER                             | MIDDLEWARE  
|---------|---------|---------|--------|-------------------|----------------------------------------------------------------|------------|
  default | default | :8199   | ALL    | /api/create       | laravel-go/app/Http/Controllers/Api.(*Controller).Create       |             
|---------|---------|---------|--------|-------------------|----------------------------------------------------------------|------------|
  default | default | :8199   | ALL    | /api/getqueue     | laravel-go/app/Http/Controllers/Api.(*Controller).GetQueue     |             
|---------|---------|---------|--------|-------------------|----------------------------------------------------------------|------------|
  default | default | :8199   | ALL    | /api/getqueueinfo | laravel-go/app/Http/Controllers/Api.(*Controller).GetQueueInfo |             
|---------|---------|---------|--------|-------------------|----------------------------------------------------------------|------------|
  default | default | :8199   | ALL    | /api/putqueue     | laravel-go/app/Http/Controllers/Api.(*Controller).PutQueue     |             
|---------|---------|---------|--------|-------------------|----------------------------------------------------------------|------------|


  SERVER  | DOMAIN  | ADDRESS | METHOD |       ROUTE       |                            HANDLER                             | MIDDLEWARE  
|---------|---------|---------|--------|-------------------|----------------------------------------------------------------|------------|
  default | default | :8199   | ALL    | /api/create       | laravel-go/app/Http/Controllers/Api.(*Controller).Create       |             
|---------|---------|---------|--------|-------------------|----------------------------------------------------------------|------------|
  default | default | :8199   | ALL    | /api/getqueue     | laravel-go/app/Http/Controllers/Api.(*Controller).GetQueue     |             
|---------|---------|---------|--------|-------------------|----------------------------------------------------------------|------------|
  default | default | :8199   | ALL    | /api/getqueueinfo | laravel-go/app/Http/Controllers/Api.(*Controller).GetQueueInfo |             
|---------|---------|---------|--------|-------------------|----------------------------------------------------------------|------------|
  default | default | :8199   | ALL    | /api/putqueue     | laravel-go/app/Http/Controllers/Api.(*Controller).PutQueue     |             
|---------|---------|---------|--------|-------------------|----------------------------------------------------------------|------------|


  SERVER  | DOMAIN  | ADDRESS | METHOD |       ROUTE       |                            HANDLER                             | MIDDLEWARE  
|---------|---------|---------|--------|-------------------|----------------------------------------------------------------|------------|
  default | default | :8199   | ALL    | /api/create       | laravel-go/app/Http/Controllers/Api.(*Controller).Create       |             
|---------|---------|---------|--------|-------------------|----------------------------------------------------------------|------------|
  default | default | :8199   | ALL    | /api/getqueue     | laravel-go/app/Http/Controllers/Api.(*Controller).GetQueue     |             
|---------|---------|---------|--------|-------------------|----------------------------------------------------------------|------------|
  default | default | :8199   | ALL    | /api/getqueueinfo | laravel-go/app/Http/Controllers/Api.(*Controller).GetQueueInfo |             
|---------|---------|---------|--------|-------------------|----------------------------------------------------------------|------------|
  default | default | :8199   | ALL    | /api/putqueue     | laravel-go/app/Http/Controllers/Api.(*Controller).PutQueue     |             
|---------|---------|---------|--------|-------------------|----------------------------------------------------------------|------------|


  SERVER  | DOMAIN  | ADDRESS | METHOD |       ROUTE       |                            HANDLER                             | MIDDLEWARE  
|---------|---------|---------|--------|-------------------|----------------------------------------------------------------|------------|
  default | default | :8199   | ALL    | /api/create       | laravel-go/app/Http/Controllers/Api.(*Controller).Create       |             
|---------|---------|---------|--------|-------------------|----------------------------------------------------------------|------------|
  default | default | :8199   | ALL    | /api/getqueue     | laravel-go/app/Http/Controllers/Api.(*Controller).GetQueue     |             
|---------|---------|---------|--------|-------------------|----------------------------------------------------------------|------------|
  default | default | :8199   | ALL    | /api/getqueueinfo | laravel-go/app/Http/Controllers/Api.(*Controller).GetQueueInfo |             
|---------|---------|---------|--------|-------------------|----------------------------------------------------------------|------------|
  default | default | :8199   | ALL    | /api/putqueue     | laravel-go/app/Http/Controllers/Api.(*Controller).PutQueue     |             
|---------|---------|---------|--------|-------------------|----------------------------------------------------------------|------------|


  SERVER  | DOMAIN  | ADDRESS | METHOD |       ROUTE       |                            HANDLER                             | MIDDLEWARE  
|---------|---------|---------|--------|-------------------|----------------------------------------------------------------|------------|
  default | default | :8199   | ALL    | /api/create       | laravel-go/app/Http/Controllers/Api.(*Controller).Create       |             
|---------|---------|---------|--------|-------------------|----------------------------------------------------------------|------------|
  default | default | :8199   | ALL    | /api/getqueue     | laravel-go/app/Http/Controllers/Api.(*Controller).GetQueue     |             
|---------|---------|---------|--------|-------------------|----------------------------------------------------------------|------------|
  default | default | :8199   | ALL    | /api/getqueueinfo | laravel-go/app/Http/Controllers/Api.(*Controller).GetQueueInfo |             
|---------|---------|---------|--------|-------------------|----------------------------------------------------------------|------------|
  default | default | :8199   | ALL    | /api/putqueue     | laravel-go/app/Http/Controllers/Api.(*Controller).PutQueue     |             
|---------|---------|---------|--------|-------------------|----------------------------------------------------------------|------------|


  SERVER  | DOMAIN  | ADDRESS | METHOD |       ROUTE       |                            HANDLER                             | MIDDLEWARE  
|---------|---------|---------|--------|-------------------|----------------------------------------------------------------|------------|
  default | default | :8199   | ALL    | /api/create       | laravel-go/app/Http/Controllers/Api.(*Controller).Create       |             
|---------|---------|---------|--------|-------------------|----------------------------------------------------------------|------------|
  default | default | :8199   | ALL    | /api/getqueue     | laravel-go/app/Http/Controllers/Api.(*Controller).GetQueue     |             
|---------|---------|---------|--------|-------------------|----------------------------------------------------------------|------------|
  default | default | :8199   | ALL    | /api/getqueueinfo | laravel-go/app/Http/Controllers/Api.(*Controller).GetQueueInfo |             
|---------|---------|---------|--------|-------------------|----------------------------------------------------------------|------------|
  default | default | :8199   | ALL    | /api/putqueue     | laravel-go/app/Http/Controllers/Api.(*Controller).PutQueue     |             
|---------|---------|---------|--------|-------------------|----------------------------------------------------------------|------------|


  SERVER  | DOMAIN  | ADDRESS | METHOD |       ROUTE       |                            HANDLER                             | MIDDLEWARE  
|---------|---------|---------|--------|-------------------|----------------------------------------------------------------|------------|
  default | default | :8199   | ALL    | /api/create       | laravel-go/app/Http/Controllers/Api.(*Controller).Create       |             
|---------|---------|---------|--------|-------------------|----------------------------------------------------------------|------------|
  default | default | :8199   | ALL    | /api/getqueue     | laravel-go/app/Http/Controllers/Api.(*Controller).GetQueue     |             
|---------|---------|---------|--------|-------------------|----------------------------------------------------------------|------------|
  default | default | :8199   | ALL    | /api/getqueueinfo | laravel-go/app/Http/Controllers/Api.(*Controller).GetQueueInfo |             
|---------|---------|---------|--------|-------------------|----------------------------------------------------------------|------------|
  default | default | :8199   | ALL    | /api/putqueue     | laravel-go/app/Http/Controllers/Api.(*Controller).PutQueue     |             
|---------|---------|---------|--------|-------------------|----------------------------------------------------------------|------------|


  SERVER  | DOMAIN  | ADDRESS | METHOD |       ROUTE       |                            HANDLER                             | MIDDLEWARE  
|---------|---------|---------|--------|-------------------|----------------------------------------------------------------|------------|
  default | default | :8199   | ALL    | /api/create       | laravel-go/app/Http/Controllers/Api.(*Controller).Create       |             
|---------|---------|---------|--------|-------------------|----------------------------------------------------------------|------------|
  default | default | :8199   | ALL    | /api/getqueue     | laravel-go/app/Http/Controllers/Api.(*Controller).GetQueue     |             
|---------|---------|---------|--------|-------------------|----------------------------------------------------------------|------------|
  default | default | :8199   | ALL    | /api/getqueueinfo | laravel-go/app/Http/Controllers/Api.(*Controller).GetQueueInfo |             
|---------|---------|---------|--------|-------------------|----------------------------------------------------------------|------------|
  default | default | :8199   | ALL    | /api/putqueue     | laravel-go/app/Http/Controllers/Api.(*Controller).PutQueue     |             
|---------|---------|---------|--------|-------------------|----------------------------------------------------------------|------------|


  SERVER  | DOMAIN  | ADDRESS | METHOD |       ROUTE       |                            HANDLER                             | MIDDLEWARE  
|---------|---------|---------|--------|-------------------|----------------------------------------------------------------|------------|
  default | default | :8199   | ALL    | /api/create       | laravel-go/app/Http/Controllers/Api.(*Controller).Create       |             
|---------|---------|---------|--------|-------------------|----------------------------------------------------------------|------------|
  default | default | :8199   | ALL    | /api/getqueue     | laravel-go/app/Http/Controllers/Api.(*Controller).GetQueue     |             
|---------|---------|---------|--------|-------------------|----------------------------------------------------------------|------------|
  default | default | :8199   | ALL    | /api/getqueueinfo | laravel-go/app/Http/Controllers/Api.(*Controller).GetQueueInfo |             
|---------|---------|---------|--------|-------------------|----------------------------------------------------------------|------------|
  default | default | :8199   | ALL    | /api/putqueue     | laravel-go/app/Http/Controllers/Api.(*Controller).PutQueue     |             
|---------|---------|---------|--------|-------------------|----------------------------------------------------------------|------------|


  SERVER  | DOMAIN  | ADDRESS | METHOD |       ROUTE       |                            HANDLER                             | MIDDLEWARE  
|---------|---------|---------|--------|-------------------|----------------------------------------------------------------|------------|
  default | default | :8199   | ALL    | /api/create       | laravel-go/app/Http/Controllers/Api.(*Controller).Create       |             
|---------|---------|---------|--------|-------------------|----------------------------------------------------------------|------------|
  default | default | :8199   | ALL    | /api/getqueue     | laravel-go/app/Http/Controllers/Api.(*Controller).GetQueue     |             
|---------|---------|---------|--------|-------------------|----------------------------------------------------------------|------------|
  default | default | :8199   | ALL    | /api/getqueueinfo | laravel-go/app/Http/Controllers/Api.(*Controller).GetQueueInfo |             
|---------|---------|---------|--------|-------------------|----------------------------------------------------------------|------------|
  default | default | :8199   | ALL    | /api/putqueue     | laravel-go/app/Http/Controllers/Api.(*Controller).PutQueue     |             
|---------|---------|---------|--------|-------------------|----------------------------------------------------------------|------------|


  SERVER  | DOMAIN  | ADDRESS | METHOD |       ROUTE       |                            HANDLER                             | MIDDLEWARE  
|---------|---------|---------|--------|-------------------|----------------------------------------------------------------|------------|
  default | default | :8199   | ALL    | /api/create       | laravel-go/app/Http/Controllers/Api.(*Controller).Create       |             
|---------|---------|---------|--------|-------------------|----------------------------------------------------------------|------------|
  default | default | :8199   | ALL    | /api/getqueue     | laravel-go/app/Http/Controllers/Api.(*Controller).GetQueue     |             
|---------|---------|---------|--------|-------------------|----------------------------------------------------------------|------------|
  default | default | :8199   | ALL    | /api/getqueueinfo | laravel-go/app/Http/Controllers/Api.(*Controller).GetQueueInfo |             
|---------|---------|---------|--------|-------------------|----------------------------------------------------------------|------------|
  default | default | :8199   | ALL    | /api/putqueue     | laravel-go/app/Http/Controllers/Api.(*Controller).PutQueue     |             
|---------|---------|---------|--------|-------------------|----------------------------------------------------------------|------------|


  SERVER  | DOMAIN  | ADDRESS | METHOD |       ROUTE       |                            HANDLER                             | MIDDLEWARE  
|---------|---------|---------|--------|-------------------|----------------------------------------------------------------|------------|
  default | default | :8199   | ALL    | /api/create       | laravel-go/app/Http/Controllers/Api.(*Controller).Create       |             
|---------|---------|---------|--------|-------------------|----------------------------------------------------------------|------------|
  default | default | :8199   | ALL    | /api/getqueue     | laravel-go/app/Http/Controllers/Api.(*Controller).GetQueue     |             
|---------|---------|---------|--------|-------------------|----------------------------------------------------------------|------------|
  default | default | :8199   | ALL    | /api/getqueueinfo | laravel-go/app/Http/Controllers/Api.(*Controller).GetQueueInfo |             
|---------|---------|---------|--------|-------------------|----------------------------------------------------------------|------------|
  default | default | :8199   | ALL    | /api/putqueue     | laravel-go/app/Http/Controllers/Api.(*Controller).PutQueue     |             
|---------|---------|---------|--------|-------------------|----------------------------------------------------------------|------------|


  SERVER  | DOMAIN  | ADDRESS | METHOD |       ROUTE       |                            HANDLER                             | MIDDLEWARE  
|---------|---------|---------|--------|-------------------|----------------------------------------------------------------|------------|
  default | default | :8199   | ALL    | /api/create       | laravel-go/app/Http/Controllers/Api.(*Controller).Create       |             
|---------|---------|---------|--------|-------------------|----------------------------------------------------------------|------------|
  default | default | :8199   | ALL    | /api/getqueue     | laravel-go/app/Http/Controllers/Api.(*Controller).GetQueue     |             
|---------|---------|---------|--------|-------------------|----------------------------------------------------------------|------------|
  default | default | :8199   | ALL    | /api/getqueueinfo | laravel-go/app/Http/Controllers/Api.(*Controller).GetQueueInfo |             
|---------|---------|---------|--------|-------------------|----------------------------------------------------------------|------------|
  default | default | :8199   | ALL    | /api/putqueue     | laravel-go/app/Http/Controllers/Api.(*Controller).PutQueue     |             
|---------|---------|---------|--------|-------------------|----------------------------------------------------------------|------------|


  SERVER  | DOMAIN  | ADDRESS | METHOD |       ROUTE       |                            HANDLER                             | MIDDLEWARE  
|---------|---------|---------|--------|-------------------|----------------------------------------------------------------|------------|
  default | default | :8199   | ALL    | /api/create       | laravel-go/app/Http/Controllers/Api.(*Controller).Create       |             
|---------|---------|---------|--------|-------------------|----------------------------------------------------------------|------------|
  default | default | :8199   | ALL    | /api/getqueue     | laravel-go/app/Http/Controllers/Api.(*Controller).GetQueue     |             
|---------|---------|---------|--------|-------------------|----------------------------------------------------------------|------------|
  default | default | :8199   | ALL    | /api/getqueueinfo | laravel-go/app/Http/Controllers/Api.(*Controller).GetQueueInfo |             
|---------|---------|---------|--------|-------------------|----------------------------------------------------------------|------------|
  default | default | :8199   | ALL    | /api/putqueue     | laravel-go/app/Http/Controllers/Api.(*Controller).PutQueue     |             
|---------|---------|---------|--------|-------------------|----------------------------------------------------------------|------------|


  SERVER  | DOMAIN  | ADDRESS | METHOD |       ROUTE       |                            HANDLER                             | MIDDLEWARE  
|---------|---------|---------|--------|-------------------|----------------------------------------------------------------|------------|
  default | default | :8199   | ALL    | /api/create       | laravel-go/app/Http/Controllers/Api.(*Controller).Create       |             
|---------|---------|---------|--------|-------------------|----------------------------------------------------------------|------------|
  default | default | :8199   | ALL    | /api/getqueue     | laravel-go/app/Http/Controllers/Api.(*Controller).GetQueue     |             
|---------|---------|---------|--------|-------------------|----------------------------------------------------------------|------------|
  default | default | :8199   | ALL    | /api/getqueueinfo | laravel-go/app/Http/Controllers/Api.(*Controller).GetQueueInfo |             
|---------|---------|---------|--------|-------------------|----------------------------------------------------------------|------------|
  default | default | :8199   | ALL    | /api/putqueue     | laravel-go/app/Http/Controllers/Api.(*Controller).PutQueue     |             
|---------|---------|---------|--------|-------------------|----------------------------------------------------------------|------------|


  SERVER  | DOMAIN  | ADDRESS | METHOD |       ROUTE       |                            HANDLER                             | MIDDLEWARE  
|---------|---------|---------|--------|-------------------|----------------------------------------------------------------|------------|
  default | default | :8199   | ALL    | /api/create       | laravel-go/app/Http/Controllers/Api.(*Controller).Create       |             
|---------|---------|---------|--------|-------------------|----------------------------------------------------------------|------------|
  default | default | :8199   | ALL    | /api/getqueue     | laravel-go/app/Http/Controllers/Api.(*Controller).GetQueue     |             
|---------|---------|---------|--------|-------------------|----------------------------------------------------------------|------------|
  default | default | :8199   | ALL    | /api/getqueueinfo | laravel-go/app/Http/Controllers/Api.(*Controller).GetQueueInfo |             
|---------|---------|---------|--------|-------------------|----------------------------------------------------------------|------------|
  default | default | :8199   | ALL    | /api/putqueue     | laravel-go/app/Http/Controllers/Api.(*Controller).PutQueue     |             
|---------|---------|---------|--------|-------------------|----------------------------------------------------------------|------------|


  SERVER  | DOMAIN  | ADDRESS | METHOD |       ROUTE       |                            HANDLER                             | MIDDLEWARE  
|---------|---------|---------|--------|-------------------|----------------------------------------------------------------|------------|
  default | default | :8199   | ALL    | /api/create       | laravel-go/app/Http/Controllers/Api.(*Controller).Create       |             
|---------|---------|---------|--------|-------------------|----------------------------------------------------------------|------------|
  default | default | :8199   | ALL    | /api/getqueue     | laravel-go/app/Http/Controllers/Api.(*Controller).GetQueue     |             
|---------|---------|---------|--------|-------------------|----------------------------------------------------------------|------------|
  default | default | :8199   | ALL    | /api/getqueueinfo | laravel-go/app/Http/Controllers/Api.(*Controller).GetQueueInfo |             
|---------|---------|---------|--------|-------------------|----------------------------------------------------------------|------------|
  default | default | :8199   | ALL    | /api/putqueue     | laravel-go/app/Http/Controllers/Api.(*Controller).PutQueue     |             
|---------|---------|---------|--------|-------------------|----------------------------------------------------------------|------------|


  SERVER  | DOMAIN  | ADDRESS | METHOD |       ROUTE       |                            HANDLER                             | MIDDLEWARE  
|---------|---------|---------|--------|-------------------|----------------------------------------------------------------|------------|
  default | default | :8199   | ALL    | /api/create       | laravel-go/app/Http/Controllers/Api.(*Controller).Create       |             
|---------|---------|---------|--------|-------------------|----------------------------------------------------------------|------------|
  default | default | :8199   | ALL    | /api/getqueue     | laravel-go/app/Http/Controllers/Api.(*Controller).GetQueue     |             
|---------|---------|---------|--------|-------------------|----------------------------------------------------------------|------------|
  default | default | :8199   | ALL    | /api/getqueueinfo | laravel-go/app/Http/Controllers/Api.(*Controller).GetQueueInfo |             
|---------|---------|---------|--------|-------------------|----------------------------------------------------------------|------------|
  default | default | :8199   | ALL    | /api/putqueue     | laravel-go/app/Http/Controllers/Api.(*Controller).PutQueue     |             
|---------|---------|---------|--------|-------------------|----------------------------------------------------------------|------------|


  SERVER  | DOMAIN  | ADDRESS | METHOD |       ROUTE       |                            HANDLER                             | MIDDLEWARE  
|---------|---------|---------|--------|-------------------|----------------------------------------------------------------|------------|
  default | default | :8199   | ALL    | /api/create       | laravel-go/app/Http/Controllers/Api.(*Controller).Create       |             
|---------|---------|---------|--------|-------------------|----------------------------------------------------------------|------------|
  default | default | :8199   | ALL    | /api/getqueue     | laravel-go/app/Http/Controllers/Api.(*Controller).GetQueue     |             
|---------|---------|---------|--------|-------------------|----------------------------------------------------------------|------------|
  default | default | :8199   | ALL    | /api/getqueueinfo | laravel-go/app/Http/Controllers/Api.(*Controller).GetQueueInfo |             
|---------|---------|---------|--------|-------------------|----------------------------------------------------------------|------------|
  default | default | :8199   | ALL    | /api/putqueue     | laravel-go/app/Http/Controllers/Api.(*Controller).PutQueue     |             
|---------|---------|---------|--------|-------------------|----------------------------------------------------------------|------------|


  SERVER  | DOMAIN  | ADDRESS | METHOD |       ROUTE       |                            HANDLER                             | MIDDLEWARE  
|---------|---------|---------|--------|-------------------|----------------------------------------------------------------|------------|
  default | default | :8199   | ALL    | /api/create       | laravel-go/app/Http/Controllers/Api.(*Controller).Create       |             
|---------|---------|---------|--------|-------------------|----------------------------------------------------------------|------------|
  default | default | :8199   | ALL    | /api/getqueue     | laravel-go/app/Http/Controllers/Api.(*Controller).GetQueue     |             
|---------|---------|---------|--------|-------------------|----------------------------------------------------------------|------------|
  default | default | :8199   | ALL    | /api/getqueueinfo | laravel-go/app/Http/Controllers/Api.(*Controller).GetQueueInfo |             
|---------|---------|---------|--------|-------------------|----------------------------------------------------------------|------------|
  default | default | :8199   | ALL    | /api/putqueue     | laravel-go/app/Http/Controllers/Api.(*Controller).PutQueue     |             
|---------|---------|---------|--------|-------------------|----------------------------------------------------------------|------------|


  SERVER  | DOMAIN  | ADDRESS | METHOD |       ROUTE       |                            HANDLER                             | MIDDLEWARE  
|---------|---------|---------|--------|-------------------|----------------------------------------------------------------|------------|
  default | default | :8199   | ALL    | /api/create       | laravel-go/app/Http/Controllers/Api.(*Controller).Create       |             
|---------|---------|---------|--------|-------------------|----------------------------------------------------------------|------------|
  default | default | :8199   | ALL    | /api/getqueue     | laravel-go/app/Http/Controllers/Api.(*Controller).GetQueue     |             
|---------|---------|---------|--------|-------------------|----------------------------------------------------------------|------------|
  default | default | :8199   | ALL    | /api/getqueueinfo | laravel-go/app/Http/Controllers/Api.(*Controller).GetQueueInfo |             
|---------|---------|---------|--------|-------------------|----------------------------------------------------------------|------------|
  default | default | :8199   | ALL    | /api/putqueue     | laravel-go/app/Http/Controllers/Api.(*Controller).PutQueue     |             
|---------|---------|---------|--------|-------------------|----------------------------------------------------------------|------------|


  SERVER  | DOMAIN  | ADDRESS | METHOD |       ROUTE       |                            HANDLER                             | MIDDLEWARE  
|---------|---------|---------|--------|-------------------|----------------------------------------------------------------|------------|
  default | default | :8199   | ALL    | /api/create       | laravel-go/app/Http/Controllers/Api.(*Controller).Create       |             
|---------|---------|---------|--------|-------------------|----------------------------------------------------------------|------------|
  default | default | :8199   | ALL    | /api/getqueue     | laravel-go/app/Http/Controllers/Api.(*Controller).GetQueue     |             
|---------|---------|---------|--------|-------------------|----------------------------------------------------------------|------------|
  default | default | :8199   | ALL    | /api/getqueueinfo | laravel-go/app/Http/Controllers/Api.(*Controller).GetQueueInfo |             
|---------|---------|---------|--------|-------------------|----------------------------------------------------------------|------------|
  default | default | :8199   | ALL    | /api/putqueue     | laravel-go/app/Http/Controllers/Api.(*Controller).PutQueue     |             
|---------|---------|---------|--------|-------------------|----------------------------------------------------------------|------------|


  SERVER  | DOMAIN  | ADDRESS | METHOD |       ROUTE       |                            HANDLER                             | MIDDLEWARE  
|---------|---------|---------|--------|-------------------|----------------------------------------------------------------|------------|
  default | default | :8199   | ALL    | /api/create       | laravel-go/app/Http/Controllers/Api.(*Controller).Create       |             
|---------|---------|---------|--------|-------------------|----------------------------------------------------------------|------------|
  default | default | :8199   | ALL    | /api/getqueue     | laravel-go/app/Http/Controllers/Api.(*Controller).GetQueue     |             
|---------|---------|---------|--------|-------------------|----------------------------------------------------------------|------------|
  default | default | :8199   | ALL    | /api/getqueueinfo | laravel-go/app/Http/Controllers/Api.(*Controller).GetQueueInfo |             
|---------|---------|---------|--------|-------------------|----------------------------------------------------------------|------------|
  default | default | :8199   | ALL    | /api/putqueue     | laravel-go/app/Http/Controllers/Api.(*Controller).PutQueue     |             
|---------|---------|---------|--------|-------------------|----------------------------------------------------------------|------------|


  SERVER  | DOMAIN  | ADDRESS | METHOD |       ROUTE       |                            HANDLER                             | MIDDLEWARE  
|---------|---------|---------|--------|-------------------|----------------------------------------------------------------|------------|
  default | default | :8199   | ALL    | /api/create       | laravel-go/app/Http/Controllers/Api.(*Controller).Create       |             
|---------|---------|---------|--------|-------------------|----------------------------------------------------------------|------------|
  default | default | :8199   | ALL    | /api/getqueue     | laravel-go/app/Http/Controllers/Api.(*Controller).GetQueue     |             
|---------|---------|---------|--------|-------------------|----------------------------------------------------------------|------------|
  default | default | :8199   | ALL    | /api/getqueueinfo | laravel-go/app/Http/Controllers/Api.(*Controller).GetQueueInfo |             
|---------|---------|---------|--------|-------------------|----------------------------------------------------------------|------------|
  default | default | :8199   | ALL    | /api/putqueue     | laravel-go/app/Http/Controllers/Api.(*Controller).PutQueue     |             
|---------|---------|---------|--------|-------------------|----------------------------------------------------------------|------------|

